<?xml version="1.0" encoding="UTF-8"?>
<testng-results skipped="0" failed="0" ignored="0" total="2" passed="2">
  <reporter-output>
  </reporter-output>
  <suite name="Test Grid" duration-ms="15903" started-at="2020-11-05T15:47:17 IST" finished-at="2020-11-05T15:47:33 IST">
    <groups>
    </groups>
    <test name="Test Node2" duration-ms="11828" started-at="2020-11-05T15:47:17 IST" finished-at="2020-11-05T15:47:29 IST">
      <class name="grid.Node2">
        <test-method status="PASS" signature="f()[pri:0, instance:grid.Node2@76707e36]" name="f" duration-ms="11791" started-at="2020-11-05T15:47:17 IST" finished-at="2020-11-05T15:47:29 IST">
          <reporter-output>
          </reporter-output>
        </test-method> <!-- f -->
      </class> <!-- grid.Node2 -->
    </test> <!-- Test Node2 -->
    <test name="Test Node1" duration-ms="15903" started-at="2020-11-05T15:47:17 IST" finished-at="2020-11-05T15:47:33 IST">
      <class name="grid.Node1">
        <test-method status="PASS" signature="f()[pri:0, instance:grid.Node1@43814d18]" name="f" duration-ms="15873" started-at="2020-11-05T15:47:17 IST" finished-at="2020-11-05T15:47:33 IST">
          <reporter-output>
          </reporter-output>
        </test-method> <!-- f -->
      </class> <!-- grid.Node1 -->
    </test> <!-- Test Node1 -->
  </suite> <!-- Test Grid -->
</testng-results>
